<?xml version="1.0" encoding="UTF-8"?>
<!-- Generated by org.testng.reporters.JUnitXMLReporter -->
<testsuite ignored="3" hostname="LIN-5CG11972D2" failures="0" tests="1" name="Default test" time="3.832" errors="0" timestamp="2024-05-11T12:24:58 IST">
  <testcase classname="com.test.day2.MultipleWaysToCreatePostRequestBody" name="usingJsonFile" time="3.703"/>
  <testcase classname="com.test.day2.MultipleWaysToCreatePostRequestBody" name="usingHashMap" time="0.0">
    <ignored/>
  </testcase> <!-- usingHashMap -->
  <testcase classname="com.test.day2.MultipleWaysToCreatePostRequestBody" name="usingJSON" time="0.0">
    <ignored/>
  </testcase> <!-- usingJSON -->
  <testcase classname="com.test.day2.MultipleWaysToCreatePostRequestBody" name="usingPOJO" time="0.0">
    <ignored/>
  </testcase> <!-- usingPOJO -->
</testsuite> <!-- Default test -->
