<?xml version="1.0" encoding="UTF-8"?>
<testng-results ignored="0" total="1" passed="1" failed="0" skipped="0">
  <reporter-output>
  </reporter-output>
  <suite started-at="2024-06-19T10:24:52 IST" name="Default suite" finished-at="2024-06-19T10:24:55 IST" duration-ms="3022">
    <groups>
    </groups>
    <test started-at="2024-06-19T10:24:52 IST" name="Default test" finished-at="2024-06-19T10:24:55 IST" duration-ms="3022">
      <class name="com.test.day4.ParsingJSONResponseData">
        <test-method signature="testJSONResponse()[pri:0, instance:com.test.day4.ParsingJSONResponseData@740cae06]" started-at="2024-06-19T10:24:52 IST" name="testJSONResponse" finished-at="2024-06-19T10:24:55 IST" duration-ms="2943" status="PASS">
          <reporter-output>
          </reporter-output>
        </test-method> <!-- testJSONResponse -->
      </class> <!-- com.test.day4.ParsingJSONResponseData -->
    </test> <!-- Default test -->
  </suite> <!-- Default suite -->
</testng-results>
