<?xml version="1.0" encoding="UTF-8"?>
<testng-results ignored="3" total="4" passed="1" failed="0" skipped="0">
  <reporter-output>
  </reporter-output>
  <suite started-at="2024-05-11T12:24:54 IST" name="Default suite" finished-at="2024-05-11T12:24:58 IST" duration-ms="3832">
    <groups>
    </groups>
    <test started-at="2024-05-11T12:24:54 IST" name="Default test" finished-at="2024-05-11T12:24:58 IST" duration-ms="3832">
      <class name="com.test.day2.MultipleWaysToCreatePostRequestBody">
        <test-method signature="usingJsonFile()[pri:0, instance:com.test.day2.MultipleWaysToCreatePostRequestBody@f78a47e]" started-at="2024-05-11T12:24:54 IST" name="usingJsonFile" finished-at="2024-05-11T12:24:58 IST" duration-ms="3703" status="PASS">
          <reporter-output>
          </reporter-output>
        </test-method> <!-- usingJsonFile -->
      </class> <!-- com.test.day2.MultipleWaysToCreatePostRequestBody -->
    </test> <!-- Default test -->
  </suite> <!-- Default suite -->
</testng-results>
